<?xml version="1.0" encoding="UTF-8"?>
<!-- Generated by org.testng.reporters.JUnitXMLReporter -->
<testsuite hostname="DESKTOP-1E2DSJ9" ignored="0" name="Default test" tests="2" failures="0" timestamp="02 Feb 2019 12:34:35 GMT" time="30.217" errors="0">
  <testcase name="register" time="2.612" classname="com.DataDriven.NewTours_NewUserRegistration_TestData"/>
  <testcase name="newUserRegistration" time="17.798" classname="com.DataDriven.NewTours_NewUserRegistration_TestData"/>
</testsuite> <!-- Default test -->
