<?xml version="1.0" encoding="UTF-8"?>
<testng-results skipped="0" failed="0" ignored="0" total="2" passed="2">
  <reporter-output>
  </reporter-output>
  <suite name="Default suite" duration-ms="30217" started-at="2019-02-02T12:34:05Z" finished-at="2019-02-02T12:34:35Z">
    <groups>
    </groups>
    <test name="Default test" duration-ms="30217" started-at="2019-02-02T12:34:05Z" finished-at="2019-02-02T12:34:35Z">
      <class name="com.DataDriven.NewTours_NewUserRegistration_TestData">
        <test-method status="PASS" signature="setUp()[pri:0, instance:com.DataDriven.NewTours_NewUserRegistration_TestData@3532ec19]" name="setUp" is-config="true" duration-ms="8894" started-at="2019-02-02T12:34:05Z" finished-at="2019-02-02T12:34:14Z">
          <reporter-output>
          </reporter-output>
        </test-method> <!-- setUp -->
        <test-method status="PASS" signature="register()[pri:0, instance:com.DataDriven.NewTours_NewUserRegistration_TestData@3532ec19]" name="register" duration-ms="2612" started-at="2019-02-02T12:34:14Z" finished-at="2019-02-02T12:34:16Z">
          <reporter-output>
          </reporter-output>
        </test-method> <!-- register -->
        <test-method status="PASS" signature="newUserRegistration()[pri:1, instance:com.DataDriven.NewTours_NewUserRegistration_TestData@3532ec19]" name="newUserRegistration" duration-ms="17798" started-at="2019-02-02T12:34:16Z" finished-at="2019-02-02T12:34:34Z">
          <reporter-output>
          </reporter-output>
        </test-method> <!-- newUserRegistration -->
        <test-method status="PASS" signature="tearDown()[pri:0, instance:com.DataDriven.NewTours_NewUserRegistration_TestData@3532ec19]" name="tearDown" is-config="true" duration-ms="866" started-at="2019-02-02T12:34:34Z" finished-at="2019-02-02T12:34:35Z">
          <reporter-output>
          </reporter-output>
        </test-method> <!-- tearDown -->
      </class> <!-- com.DataDriven.NewTours_NewUserRegistration_TestData -->
    </test> <!-- Default test -->
  </suite> <!-- Default suite -->
</testng-results>
