<?xml version="1.0" encoding="UTF-8"?>
<!-- Generated by org.testng.reporters.JUnitXMLReporter -->
<testsuite hostname="DESKTOP-1E2DSJ9" ignored="0" name="Login" tests="2" failures="0" timestamp="30 Jan 2019 14:58:06 GMT" time="55.113" errors="0">
  <testcase name="register" time="0.94" classname="com.DataDriven.NewTours_NewUserRegistration_TestData"/>
  <testcase name="newUserRegistration" time="46.854" classname="com.DataDriven.NewTours_NewUserRegistration_TestData"/>
</testsuite> <!-- Login -->
